2025-01-20 18:43:00,960 - DEBUG - Changed working directory to script location
2025-01-20 18:43:06,439 - INFO - Executando: Instalando dependências do frontend...
2025-01-20 18:43:06,439 - INFO - Executando: cd /d m:\SS_SENTINNELL_WOK_FONTE\SENTINNELLIAWORKSPACE\src && npm install
2025-01-20 18:43:13,231 - INFO - Executando: Atualizando dependências do frontend...
2025-01-20 18:43:13,231 - INFO - Executando: cd /d m:\SS_SENTINNELL_WOK_FONTE\SENTINNELLIAWORKSPACE\src && npm update
2025-01-20 18:43:15,223 - INFO - Executado
2025-01-20 18:44:45,236 - INFO - Executando: Construindo frontend...
2025-01-20 18:44:45,236 - INFO - Executando: cd /d m:\SS_SENTINNELL_WOK_FONTE\SENTINNELLIAWORKSPACE\src && npm run build
2025-01-20 18:45:01,664 - INFO - Executado
2025-01-20 18:45:14,818 - INFO - Executado
2025-01-20 18:45:16,143 - INFO - Executando: Iniciando frontend...
2025-01-20 18:45:16,143 - INFO - Executando: cd /d m:\SS_SENTINNELL_WOK_FONTE\SENTINNELLIAWORKSPACE\src && npm start
2025-01-20 18:47:50,681 - INFO - Executando: Construindo frontend...
2025-01-20 18:47:50,683 - INFO - Executando: cd /d m:\SS_SENTINNELL_WOK_FONTE\SENTINNELLIAWORKSPACE\src && npm run build
2025-01-20 18:48:56,314 - INFO - Executando: Iniciando frontend...
2025-01-20 18:48:56,316 - INFO - Executando: cd /d m:\SS_SENTINNELL_WOK_FONTE\SENTINNELLIAWORKSPACE\src && npm start
2025-01-20 18:49:02,325 - INFO - Executado
2025-01-20 18:49:06,777 - INFO - Executado
2025-01-20 18:49:08,738 - INFO - Executado
2025-01-20 18:49:09,889 - INFO - Executando: Iniciando frontend...
2025-01-20 18:49:09,891 - INFO - Executando: cd /d m:\SS_SENTINNELL_WOK_FONTE\SENTINNELLIAWORKSPACE\src && npm start
2025-01-20 18:57:01,811 - DEBUG - Changed working directory to script location
2025-01-20 18:57:05,741 - INFO - Executando: Instalando dependências do frontend...
2025-01-20 18:57:05,742 - INFO - Executando: cd /d m:\SS_SENTINNELL_WOK_FONTE\SENTINNELLIAWORKSPACE\src && npm install
2025-01-20 18:57:09,781 - INFO - Executado
2025-01-20 18:57:10,974 - INFO - Executando: Construindo frontend...
2025-01-20 18:57:10,977 - INFO - Executando: cd /d m:\SS_SENTINNELL_WOK_FONTE\SENTINNELLIAWORKSPACE\src && npm run build
2025-01-20 18:57:23,564 - INFO - Executado
2025-01-20 18:57:25,142 - INFO - Executando: Iniciando frontend...
2025-01-20 18:57:25,146 - INFO - Executando: cd /d m:\SS_SENTINNELL_WOK_FONTE\SENTINNELLIAWORKSPACE\src && npm start
2025-01-20 19:08:41,347 - DEBUG - Changed working directory to script location
2025-01-20 19:08:44,977 - INFO - Executando: Instalando dependências do frontend...
2025-01-20 19:08:44,978 - INFO - Executando: cd /d m:\SS_SENTINNELL_WOK_FONTE\SENTINNELLIAWORKSPACE\src && npm install
2025-01-20 19:08:49,556 - INFO - Executado
2025-01-20 19:08:52,145 - INFO - Executando: Construindo frontend...
2025-01-20 19:08:52,147 - INFO - Executando: cd /d m:\SS_SENTINNELL_WOK_FONTE\SENTINNELLIAWORKSPACE\src && npm run build
2025-01-20 19:08:58,827 - INFO - Executado
2025-01-20 19:09:02,585 - INFO - Executando: Iniciando frontend...
2025-01-20 19:09:02,588 - INFO - Executando: cd /d m:\SS_SENTINNELL_WOK_FONTE\SENTINNELLIAWORKSPACE\src && npm start
2025-01-20 19:13:39,431 - INFO - Executado
2025-01-20 19:14:08,902 - INFO - Executando: Construindo frontend...
2025-01-20 19:14:08,903 - INFO - Executando: cd /d m:\SS_SENTINNELL_WOK_FONTE\SENTINNELLIAWORKSPACE\src && npm run build
2025-01-20 19:42:36,399 - DEBUG - Changed working directory to script location
2025-01-20 19:42:40,099 - INFO - Executando: Instalando dependências do frontend...
2025-01-20 19:42:40,159 - INFO - Executando: cd /d m:\SS_SENTINNELL_WOK_FONTE\SENTINNELLIAWORKSPACE\src && npm install
2025-01-20 19:42:46,720 - INFO - Executado
2025-01-20 19:42:48,474 - INFO - Executando: Construindo frontend...
2025-01-20 19:42:48,476 - INFO - Executando: cd /d m:\SS_SENTINNELL_WOK_FONTE\SENTINNELLIAWORKSPACE\src && npm run build
2025-01-20 19:43:01,972 - INFO - Executado
2025-01-20 19:43:03,408 - INFO - Executando: Iniciando frontend...
2025-01-20 19:43:03,411 - INFO - Executando: cd /d m:\SS_SENTINNELL_WOK_FONTE\SENTINNELLIAWORKSPACE\src && npm start
2025-01-20 19:52:43,692 - INFO - Executado
2025-01-20 19:56:07,463 - INFO - Executando: Construindo frontend...
2025-01-20 19:56:07,463 - INFO - Executando: cd /d m:\SS_SENTINNELL_WOK_FONTE\SENTINNELLIAWORKSPACE\src && npm run build
2025-01-20 19:56:14,682 - INFO - Executado
2025-01-20 19:56:16,643 - INFO - Executando: Iniciando frontend...
2025-01-20 19:56:16,643 - INFO - Executando: cd /d m:\SS_SENTINNELL_WOK_FONTE\SENTINNELLIAWORKSPACE\src && npm start
